Feb 27, 2019 2:04:53 PM Instrumentation dump
CONFIG: STARTTIMING: main

Feb 27, 2019 2:04:53 PM Instrumentation dump
CONFIG: STARTTIMING: populateArray()

Feb 27, 2019 2:04:53 PM Instrumentation dump
CONFIG: STOPTIMING: populateArray() 3886782 ns

Feb 27, 2019 2:04:53 PM Instrumentation dump
CONFIG: STARTTIMING: bubbleSort()

Feb 27, 2019 2:04:53 PM Instrumentation dump
CONFIG: STOPTIMING: bubbleSort() 2625822 ns

Feb 27, 2019 2:04:53 PM Instrumentation dump
CONFIG: STARTTIMING: quickSort()

Feb 27, 2019 2:04:53 PM Instrumentation dump
CONFIG: STOPTIMING: quickSort() 1096505 ns

Feb 27, 2019 2:04:53 PM Instrumentation dump
CONFIG: STARTTIMING: mergeSort()

Feb 27, 2019 2:04:53 PM Instrumentation dump
CONFIG: STOPTIMING: mergeSort() 1176640 ns

Feb 27, 2019 2:04:53 PM Instrumentation dump
CONFIG: STARTTIMING: selectionSort()

Feb 27, 2019 2:04:53 PM Instrumentation dump
CONFIG: STOPTIMING: selectionSort() 810788 ns

Feb 27, 2019 2:04:53 PM Instrumentation dump
CONFIG: COMMENT: this is an example of comment

Feb 27, 2019 2:04:53 PM Instrumentation dump
CONFIG: STOPTIMING: main 10090808 ns

Feb 27, 2019 2:04:53 PM Instrumentation dump
CONFIG: TOTAL TIME: 10104780 ns

