Feb 28, 2019 10:10:14 AM Instrumentation dump
CONFIG: STARTTIMING: main

Feb 28, 2019 10:10:14 AM Instrumentation dump
CONFIG: STARTTIMING: populateArray()

Feb 28, 2019 10:10:14 AM Instrumentation dump
CONFIG: STOPTIMING: populateArray() 3.364 ms

Feb 28, 2019 10:10:14 AM Instrumentation dump
CONFIG: STARTTIMING: bubbleSort()

Feb 28, 2019 10:10:14 AM Instrumentation dump
CONFIG: STOPTIMING: bubbleSort() 13.774 ms

Feb 28, 2019 10:10:14 AM Instrumentation dump
CONFIG: STARTTIMING: quickSort()

Feb 28, 2019 10:10:14 AM Instrumentation dump
CONFIG: STOPTIMING: quickSort() 3.150 ms

Feb 28, 2019 10:10:14 AM Instrumentation dump
CONFIG: STARTTIMING: mergeSort()

Feb 28, 2019 10:10:14 AM Instrumentation dump
CONFIG: STOPTIMING: mergeSort() 4.569 ms

Feb 28, 2019 10:10:14 AM Instrumentation dump
CONFIG: STARTTIMING: selectionSort()

Feb 28, 2019 10:10:14 AM Instrumentation dump
CONFIG: STOPTIMING: selectionSort() 17.599 ms

Feb 28, 2019 10:10:14 AM Instrumentation dump
CONFIG: COMMENT: this is an example of comment

Feb 28, 2019 10:10:14 AM Instrumentation dump
CONFIG: STOPTIMING: main 392.467 ms

Feb 28, 2019 10:10:14 AM Instrumentation dump
CONFIG: TOTAL TIME: 392.732 ms

