Feb 27, 2019 2:50:05 PM Instrumentation dump
CONFIG: STARTTIMING: main

Feb 27, 2019 2:50:05 PM Instrumentation dump
CONFIG: STARTTIMING: populateArray()

Feb 27, 2019 2:50:05 PM Instrumentation dump
CONFIG: STOPTIMING: populateArray() 927639 ns

Feb 27, 2019 2:50:05 PM Instrumentation dump
CONFIG: STARTTIMING: bubbleSort()

Feb 27, 2019 2:50:05 PM Instrumentation dump
CONFIG: STOPTIMING: bubbleSort() 12051109 ns

Feb 27, 2019 2:50:05 PM Instrumentation dump
CONFIG: STARTTIMING: quickSort()

Feb 27, 2019 2:50:05 PM Instrumentation dump
CONFIG: STOPTIMING: quickSort() 3302236 ns

Feb 27, 2019 2:50:05 PM Instrumentation dump
CONFIG: STARTTIMING: mergeSort()

Feb 27, 2019 2:50:05 PM Instrumentation dump
CONFIG: STOPTIMING: mergeSort() 1663423 ns

Feb 27, 2019 2:50:05 PM Instrumentation dump
CONFIG: STARTTIMING: selectionSort()

Feb 27, 2019 2:50:05 PM Instrumentation dump
CONFIG: STOPTIMING: selectionSort() 6598370 ns

Feb 27, 2019 2:50:05 PM Instrumentation dump
CONFIG: COMMENT: this is an example of comment

Feb 27, 2019 2:50:05 PM Instrumentation dump
CONFIG: STOPTIMING: main 24976952 ns

Feb 27, 2019 2:50:05 PM Instrumentation dump
CONFIG: TOTAL TIME: 25020995 ns

