Feb 28, 2019 10:19:37 AM Instrumentation dump
CONFIG: STARTTIMING: main

Feb 28, 2019 10:19:37 AM Instrumentation dump
CONFIG: STARTTIMING: populateArray()

Feb 28, 2019 10:19:37 AM Instrumentation dump
CONFIG: STOPTIMING: populateArray() 2.715 ms

Feb 28, 2019 10:19:37 AM Instrumentation dump
CONFIG: STARTTIMING: bubbleSort()

Feb 28, 2019 10:19:37 AM Instrumentation dump
CONFIG: STOPTIMING: bubbleSort() 47.448 ms

Feb 28, 2019 10:19:37 AM Instrumentation dump
CONFIG: STARTTIMING: quickSort()

Feb 28, 2019 10:19:37 AM Instrumentation dump
CONFIG: STOPTIMING: quickSort() 13.832 ms

Feb 28, 2019 10:19:37 AM Instrumentation dump
CONFIG: STARTTIMING: mergeSort()

Feb 28, 2019 10:19:37 AM Instrumentation dump
CONFIG: STOPTIMING: mergeSort() 3.423 ms

Feb 28, 2019 10:19:37 AM Instrumentation dump
CONFIG: STARTTIMING: selectionSort()

Feb 28, 2019 10:19:37 AM Instrumentation dump
CONFIG: STOPTIMING: selectionSort() 36.045 ms

Feb 28, 2019 10:19:37 AM Instrumentation dump
CONFIG: COMMENT: this is an example of comment

Feb 28, 2019 10:19:37 AM Instrumentation dump
CONFIG: STOPTIMING: main 132.109 ms

Feb 28, 2019 10:19:37 AM Instrumentation dump
CONFIG: TOTAL TIME: 132.296 ms

