Feb 28, 2019 10:03:15 AM Instrumentation dump
CONFIG: STARTTIMING: main

Feb 28, 2019 10:03:15 AM Instrumentation dump
CONFIG: STARTTIMING: populateArray()

Feb 28, 2019 10:03:15 AM Instrumentation dump
CONFIG: STOPTIMING: populateArray() 3.81021 ms

Feb 28, 2019 10:03:15 AM Instrumentation dump
CONFIG: STARTTIMING: bubbleSort()

Feb 28, 2019 10:03:15 AM Instrumentation dump
CONFIG: STOPTIMING: bubbleSort() 49.35988 ms

Feb 28, 2019 10:03:15 AM Instrumentation dump
CONFIG: STARTTIMING: quickSort()

Feb 28, 2019 10:03:15 AM Instrumentation dump
CONFIG: STOPTIMING: quickSort() 11.572146 ms

Feb 28, 2019 10:03:15 AM Instrumentation dump
CONFIG: STARTTIMING: mergeSort()

Feb 28, 2019 10:03:15 AM Instrumentation dump
CONFIG: STOPTIMING: mergeSort() 4.502569 ms

Feb 28, 2019 10:03:15 AM Instrumentation dump
CONFIG: STARTTIMING: selectionSort()

Feb 28, 2019 10:03:15 AM Instrumentation dump
CONFIG: STOPTIMING: selectionSort() 17.52103 ms

Feb 28, 2019 10:03:15 AM Instrumentation dump
CONFIG: COMMENT: this is an example of comment

Feb 28, 2019 10:03:15 AM Instrumentation dump
CONFIG: STOPTIMING: main 92.05085 ms

Feb 28, 2019 10:03:15 AM Instrumentation dump
CONFIG: TOTAL TIME: 92.12717 ms

