Feb 28, 2019 10:19:49 AM Instrumentation dump
CONFIG: STARTTIMING: main

Feb 28, 2019 10:19:49 AM Instrumentation dump
CONFIG: STARTTIMING: populateArray()

Feb 28, 2019 10:19:49 AM Instrumentation dump
CONFIG: STOPTIMING: populateArray() 1.848 ms

Feb 28, 2019 10:19:49 AM Instrumentation dump
CONFIG: STARTTIMING: bubbleSort()

Feb 28, 2019 10:19:49 AM Instrumentation dump
CONFIG: STOPTIMING: bubbleSort() 90.497 ms

Feb 28, 2019 10:19:49 AM Instrumentation dump
CONFIG: STARTTIMING: quickSort()

Feb 28, 2019 10:19:49 AM Instrumentation dump
CONFIG: STOPTIMING: quickSort() 92.220 ms

Feb 28, 2019 10:19:49 AM Instrumentation dump
CONFIG: STARTTIMING: mergeSort()

Feb 28, 2019 10:19:49 AM Instrumentation dump
CONFIG: STOPTIMING: mergeSort() 5.708 ms

Feb 28, 2019 10:19:49 AM Instrumentation dump
CONFIG: STARTTIMING: selectionSort()

Feb 28, 2019 10:19:49 AM Instrumentation dump
CONFIG: STOPTIMING: selectionSort() 77.548 ms

Feb 28, 2019 10:19:49 AM Instrumentation dump
CONFIG: COMMENT: this is an example of comment

Feb 28, 2019 10:19:49 AM Instrumentation dump
CONFIG: STOPTIMING: main 299.415 ms

Feb 28, 2019 10:19:49 AM Instrumentation dump
CONFIG: TOTAL TIME: 299.591 ms

