Feb 27, 2019 2:51:27 PM Instrumentation dump
CONFIG: STARTTIMING: main

Feb 27, 2019 2:51:27 PM Instrumentation dump
CONFIG: STARTTIMING: populateArray()

Feb 27, 2019 2:51:27 PM Instrumentation dump
CONFIG: STOPTIMING: populateArray() 6640323 ns

Feb 27, 2019 2:51:27 PM Instrumentation dump
CONFIG: STARTTIMING: bubbleSort()

Feb 27, 2019 2:51:27 PM Instrumentation dump
CONFIG: STOPTIMING: bubbleSort() 4463091 ns

Feb 27, 2019 2:51:27 PM Instrumentation dump
CONFIG: STARTTIMING: quickSort()

Feb 27, 2019 2:51:27 PM Instrumentation dump
CONFIG: STOPTIMING: quickSort() 1304875 ns

Feb 27, 2019 2:51:27 PM Instrumentation dump
CONFIG: STARTTIMING: mergeSort()

Feb 27, 2019 2:51:27 PM Instrumentation dump
CONFIG: STOPTIMING: mergeSort() 1416406 ns

Feb 27, 2019 2:51:27 PM Instrumentation dump
CONFIG: STARTTIMING: selectionSort()

Feb 27, 2019 2:51:27 PM Instrumentation dump
CONFIG: STOPTIMING: selectionSort() 2808769 ns

Feb 27, 2019 2:51:27 PM Instrumentation dump
CONFIG: COMMENT: this is an example of comment

Feb 27, 2019 2:51:27 PM Instrumentation dump
CONFIG: STOPTIMING: main 17287187 ns

Feb 27, 2019 2:51:27 PM Instrumentation dump
CONFIG: TOTAL TIME: 17362140 ns

