Feb 28, 2019 10:19:53 AM Instrumentation dump
CONFIG: STARTTIMING: main

Feb 28, 2019 10:19:53 AM Instrumentation dump
CONFIG: STARTTIMING: populateArray()

Feb 28, 2019 10:19:53 AM Instrumentation dump
CONFIG: STOPTIMING: populateArray() 7.349 ms

Feb 28, 2019 10:19:53 AM Instrumentation dump
CONFIG: STARTTIMING: bubbleSort()

Feb 28, 2019 10:19:53 AM Instrumentation dump
CONFIG: STOPTIMING: bubbleSort() 332.154 ms

Feb 28, 2019 10:19:53 AM Instrumentation dump
CONFIG: STARTTIMING: quickSort()

Feb 28, 2019 10:19:53 AM Instrumentation dump
CONFIG: STOPTIMING: quickSort() 100.655 ms

Feb 28, 2019 10:19:53 AM Instrumentation dump
CONFIG: STARTTIMING: mergeSort()

Feb 28, 2019 10:19:53 AM Instrumentation dump
CONFIG: STOPTIMING: mergeSort() 7.271 ms

Feb 28, 2019 10:19:53 AM Instrumentation dump
CONFIG: STARTTIMING: selectionSort()

Feb 28, 2019 10:19:53 AM Instrumentation dump
CONFIG: STOPTIMING: selectionSort() 139.895 ms

Feb 28, 2019 10:19:53 AM Instrumentation dump
CONFIG: COMMENT: this is an example of comment

Feb 28, 2019 10:19:53 AM Instrumentation dump
CONFIG: STOPTIMING: main 875.945 ms

Feb 28, 2019 10:19:53 AM Instrumentation dump
CONFIG: TOTAL TIME: 876.197 ms

