Feb 27, 2019 2:47:41 PM Instrumentation dump
CONFIG: STARTTIMING: main

Feb 27, 2019 2:47:41 PM Instrumentation dump
CONFIG: STARTTIMING: populateArray()

Feb 27, 2019 2:47:41 PM Instrumentation dump
CONFIG: STOPTIMING: populateArray() 1756334 ns

Feb 27, 2019 2:47:41 PM Instrumentation dump
CONFIG: STARTTIMING: bubbleSort()

Feb 27, 2019 2:47:41 PM Instrumentation dump
CONFIG: STOPTIMING: bubbleSort() 2697296 ns

Feb 27, 2019 2:47:41 PM Instrumentation dump
CONFIG: STARTTIMING: quickSort()

Feb 27, 2019 2:47:41 PM Instrumentation dump
CONFIG: STOPTIMING: quickSort() 909650 ns

Feb 27, 2019 2:47:41 PM Instrumentation dump
CONFIG: STARTTIMING: mergeSort()

Feb 27, 2019 2:47:41 PM Instrumentation dump
CONFIG: STOPTIMING: mergeSort() 948205 ns

Feb 27, 2019 2:47:41 PM Instrumentation dump
CONFIG: STARTTIMING: selectionSort()

Feb 27, 2019 2:47:41 PM Instrumentation dump
CONFIG: STOPTIMING: selectionSort() 870165 ns

Feb 27, 2019 2:47:41 PM Instrumentation dump
CONFIG: COMMENT: this is an example of comment

Feb 27, 2019 2:47:41 PM Instrumentation dump
CONFIG: STOPTIMING: main 7546627 ns

Feb 27, 2019 2:47:41 PM Instrumentation dump
CONFIG: TOTAL TIME: 7554320 ns

