Feb 28, 2019 10:19:12 AM Instrumentation dump
CONFIG: STARTTIMING: main

Feb 28, 2019 10:19:12 AM Instrumentation dump
CONFIG: STARTTIMING: populateArray()

Feb 28, 2019 10:19:12 AM Instrumentation dump
CONFIG: STOPTIMING: populateArray() 1.374 ms

Feb 28, 2019 10:19:12 AM Instrumentation dump
CONFIG: STARTTIMING: bubbleSort()

Feb 28, 2019 10:19:12 AM Instrumentation dump
CONFIG: STOPTIMING: bubbleSort() 5.656 ms

Feb 28, 2019 10:19:12 AM Instrumentation dump
CONFIG: STARTTIMING: quickSort()

Feb 28, 2019 10:19:12 AM Instrumentation dump
CONFIG: STOPTIMING: quickSort() 1.182 ms

Feb 28, 2019 10:19:12 AM Instrumentation dump
CONFIG: STARTTIMING: mergeSort()

Feb 28, 2019 10:19:12 AM Instrumentation dump
CONFIG: STOPTIMING: mergeSort() 1.122 ms

Feb 28, 2019 10:19:12 AM Instrumentation dump
CONFIG: STARTTIMING: selectionSort()

Feb 28, 2019 10:19:12 AM Instrumentation dump
CONFIG: STOPTIMING: selectionSort() 2.378 ms

Feb 28, 2019 10:19:12 AM Instrumentation dump
CONFIG: COMMENT: this is an example of comment

Feb 28, 2019 10:19:12 AM Instrumentation dump
CONFIG: STOPTIMING: main 53.880 ms

Feb 28, 2019 10:19:12 AM Instrumentation dump
CONFIG: TOTAL TIME: 54.644 ms

