Feb 28, 2019 10:19:55 AM Instrumentation dump
CONFIG: STARTTIMING: main

Feb 28, 2019 10:19:55 AM Instrumentation dump
CONFIG: STARTTIMING: populateArray()

Feb 28, 2019 10:19:55 AM Instrumentation dump
CONFIG: STOPTIMING: populateArray() 2.921 ms

Feb 28, 2019 10:19:55 AM Instrumentation dump
CONFIG: STARTTIMING: bubbleSort()

Feb 28, 2019 10:19:55 AM Instrumentation dump
CONFIG: STOPTIMING: bubbleSort() 387.560 ms

Feb 28, 2019 10:19:55 AM Instrumentation dump
CONFIG: STARTTIMING: quickSort()

Feb 28, 2019 10:19:55 AM Instrumentation dump
CONFIG: STOPTIMING: quickSort() 118.409 ms

Feb 28, 2019 10:19:55 AM Instrumentation dump
CONFIG: STARTTIMING: mergeSort()

Feb 28, 2019 10:19:55 AM Instrumentation dump
CONFIG: STOPTIMING: mergeSort() 28.899 ms

Feb 28, 2019 10:19:55 AM Instrumentation dump
CONFIG: STARTTIMING: selectionSort()

Feb 28, 2019 10:19:55 AM Instrumentation dump
CONFIG: STOPTIMING: selectionSort() 383.898 ms

Feb 28, 2019 10:19:55 AM Instrumentation dump
CONFIG: COMMENT: this is an example of comment

Feb 28, 2019 10:19:55 AM Instrumentation dump
CONFIG: STOPTIMING: main 960.258 ms

Feb 28, 2019 10:19:55 AM Instrumentation dump
CONFIG: TOTAL TIME: 961.186 ms

